Arguments: 
  C:\Program Files\nodejs\node.exe C:\Program Files\nodejs\node_modules\yarn\bin\yarn.js add @typescript-eslint @typescript-eslint eslint eslint-config-prettier eslint-plugin-prettier parcel-bundler prettier typescript --dev

PATH: 
  C:\Users\Sparrow\Playground\web\turn-baby-turn\node_modules\.bin;D:\Sparrow\Programs\ImageMagick-7.0.10-Q16;C:\Program Files (x86)\Common Files\Oracle\Java\javapath;C:\Windows\system32;C:\Windows;C:\Windows\System32\Wbem;C:\Windows\System32\WindowsPowerShell\v1.0\;C:\Windows\System32\OpenSSH\;C:\ProgramData\chocolatey\bin;C:\Program Files\LLVM\bin;C:\Program Files\PowerShell\7\;C:\Program Files\dotnet\;C:\Users\Sparrow\AppData\Roaming\nvm;C:\Program Files\nodejs;D:\Sparrow\Programs\Windows Kits\10\Windows Performance Toolkit\;C:\Users\Sparrow\Programs\Neovim\bin;C:\Users\Sparrow\AppData\Local\Yarn\bin;C:\Users\Sparrow\Programs\cmder\vendor\git-for-windows\bin;C:\Users\Sparrow\Programs\bin;C:\Program Files\Sublime Text 3;C:\Users\Sparrow\AppData\Local\Microsoft\WindowsApps;C:\Program Files\JetBrains\WebStorm 2019.3.3\bin;;C:\Program Files\heroku\bin;C:\Users\Sparrow\AppData\Roaming\nvm;C:\Program Files\nodejs

Yarn version: 
  1.22.4

Node version: 
  12.16.3

Platform: 
  win32 x64

Trace: 
  Error: https://registry.yarnpkg.com/@typescript-eslint: Request "https://registry.yarnpkg.com/@typescript-eslint" returned a 405
      at Request.params.callback [as _callback] (C:\Users\Sparrow\AppData\Roaming\nvm\v12.16.3\node_modules\yarn\lib\cli.js:66996:18)
      at Request.self.callback (C:\Users\Sparrow\AppData\Roaming\nvm\v12.16.3\node_modules\yarn\lib\cli.js:140748:22)
      at Request.emit (events.js:310:20)
      at Request.<anonymous> (C:\Users\Sparrow\AppData\Roaming\nvm\v12.16.3\node_modules\yarn\lib\cli.js:141720:10)
      at Request.emit (events.js:310:20)
      at IncomingMessage.<anonymous> (C:\Users\Sparrow\AppData\Roaming\nvm\v12.16.3\node_modules\yarn\lib\cli.js:141642:12)
      at Object.onceWrapper (events.js:416:28)
      at IncomingMessage.emit (events.js:322:22)
      at endReadableNT (_stream_readable.js:1187:12)
      at processTicksAndRejections (internal/process/task_queues.js:84:21)

npm manifest: 
  {
    "name": "turn-baby-turn",
    "version": "1.0.0",
    "main": "index.js",
    "license": "MIT"
  }

yarn manifest: 
  No manifest

Lockfile: 
  No lockfile
